\BOOKMARK [1][-]{section.1}{\376\377\127\372\147\054\165\065\215\357\121\103\116\366\117\017\133\211\162\171\140\047\166\204\155\113\221\317\000\040\000\040\230\204\116\140\142\245\124\112}{}% 1
\BOOKMARK [2][-]{subsection.1.1}{\376\377\133\236\232\214\166\356\166\204}{section.1}% 2
\BOOKMARK [2][-]{subsection.1.2}{\376\377\116\352\126\150\165\050\121\167}{section.1}% 3
\BOOKMARK [2][-]{subsection.1.3}{\376\377\123\237\164\006\151\202\217\360}{section.1}% 4
\BOOKMARK [2][-]{subsection.1.4}{\376\377\133\236\232\214\230\204\116\140\230\230}{section.1}% 5
\BOOKMARK [1][-]{section.2}{\376\377\127\372\147\054\165\065\215\357\121\103\116\366\117\017\133\211\162\171\140\047\166\204\155\113\221\317\000\040\000\040\133\236\232\214\213\260\137\125}{}% 6
\BOOKMARK [2][-]{subsection.2.1}{\376\377\133\236\232\214\121\205\133\271\060\001\153\145\232\244\116\016\176\323\147\234}{section.2}% 7
\BOOKMARK [3][-]{subsubsection.2.1.1}{\376\377\144\315\117\134\153\145\232\244\213\260\137\125}{subsection.2.1}% 8
\BOOKMARK [3][-]{subsubsection.2.1.2}{\376\377\155\113\213\325\176\277\140\047\165\065\226\073\121\103\116\366\166\204\117\017\133\211\162\171\140\047}{subsection.2.1}% 9
\BOOKMARK [3][-]{subsubsection.2.1.3}{\376\377\155\113\213\325\227\136\176\277\140\047\165\065\226\073\0001\0002\000V\166\175\160\275\160\157\166\204\117\017\133\211\162\171\140\047}{subsection.2.1}% 10
\BOOKMARK [3][-]{subsubsection.2.1.4}{\376\377\155\113\213\325\166\364\155\101\172\063\123\213\165\065\156\220\000D\000P\0008\0003\0002\166\204\000C\000H\0002\166\204\117\017\133\211\162\171\140\047}{subsection.2.1}% 11
\BOOKMARK [3][-]{subsubsection.2.1.5}{\376\377\155\113\213\325\145\160\143\247\140\122\155\101\156\220\377\010\000D\000C\000S\000-\0000\0001\377\011\166\204\117\017\133\211\162\171\140\047}{subsection.2.1}% 12
\BOOKMARK [3][-]{subsubsection.2.1.6}{\376\377\165\065\155\101\143\247\122\066\165\065\123\213\156\220\377\010\000C\000C\000V\000S\377\011\127\372\147\054\162\171\140\047\155\113\213\325}{subsection.2.1}% 13
\BOOKMARK [2][-]{subsection.2.2}{\376\377\123\237\131\313\145\160\143\156\213\260\137\125}{section.2}% 14
\BOOKMARK [2][-]{subsection.2.3}{\376\377\133\236\232\214\217\307\172\013\220\107\122\060\225\356\230\230\123\312\211\343\121\263\122\236\154\325}{section.2}% 15
\BOOKMARK [1][-]{section.3}{\376\377\127\372\147\054\165\065\215\357\121\103\116\366\117\017\133\211\162\171\140\047\166\204\155\113\221\317\000\040\122\006\147\220\116\016\213\250\213\272}{}% 16
\BOOKMARK [2][-]{subsection.3.1}{\376\377\133\236\232\214\145\160\143\156\122\006\147\220}{section.3}% 17
\BOOKMARK [3][-]{subsubsection.3.1.1}{\376\377\133\371\133\236\232\214\116\000\145\160\143\156\217\333\210\114\176\277\140\047\142\337\124\010}{subsection.3.1}% 18
\BOOKMARK [3][-]{subsubsection.3.1.2}{\376\377\155\113\213\325\227\136\176\277\140\047\165\065\226\073\000\040\0001\0002\000V\000\040\166\175\160\275\160\157\166\204\117\017\133\211\162\171\140\047}{subsection.3.1}% 19
\BOOKMARK [3][-]{subsubsection.3.1.3}{\376\377\155\113\213\325\166\364\155\101\172\063\123\213\165\065\156\220\377\010\000D\000P\0008\0003\0001\377\011\000\040\000C\000H\0002\000\040\166\204\117\017\133\211\162\171\140\047}{subsection.3.1}% 20
\BOOKMARK [3][-]{subsubsection.3.1.4}{\376\377\145\160\143\247\140\122\155\101\156\220}{subsection.3.1}% 21
\BOOKMARK [3][-]{subsubsection.3.1.5}{\376\377\165\065\155\101\143\247\122\066\165\065\123\213\156\220\377\010\000C\000C\000V\000S\377\011\127\372\147\054\162\171\140\047\155\113\213\325}{subsection.3.1}% 22
\BOOKMARK [2][-]{subsection.3.2}{\376\377\133\236\232\214\124\016\140\035\200\003\230\230}{section.3}% 23
\BOOKMARK [1][-]{section.4}{\376\377\000E\000T\000X\000\040\133\236\232\214\124\015\171\360\000\327\000\327\000\327\000\040\000\040\176\323\213\355}{}% 24
\BOOKMARK [2][-]{subsection.4.1}{\376\377\133\236\232\214\137\303\137\227\124\214\117\123\117\032\060\001\141\017\211\301\136\372\213\256\173\111}{section.4}% 25
\BOOKMARK [2][-]{subsection.4.2}{\376\377\123\302\200\003\145\207\163\056}{section.4}% 26
\BOOKMARK [2][-]{subsection.4.3}{\376\377\226\104\116\366\123\312\133\236\232\214\166\370\121\163\166\204\217\157\170\154\116\366\215\104\145\231\173\111}{section.4}% 27
