\BOOKMARK [1][-]{section.1}{\376\377\000E\000T\0004\142\064\176\364\123\127\133\232\164\006\124\214\213\372\230\177\133\232\164\006\000\040\000\040\230\204\116\140\142\245\124\112}{}% 1
\BOOKMARK [2][-]{subsection.1.1}{\376\377\133\236\232\214\166\356\166\204}{section.1}% 2
\BOOKMARK [2][-]{subsection.1.2}{\376\377\116\352\126\150\165\050\121\167}{section.1}% 3
\BOOKMARK [2][-]{subsection.1.3}{\376\377\123\237\164\006\151\202\217\360}{section.1}% 4
\BOOKMARK [2][-]{subsection.1.4}{\376\377\133\236\232\214\230\204\116\140\230\230}{section.1}% 5
\BOOKMARK [1][-]{section.2}{\376\377\000E\000T\0004\142\064\176\364\123\127\133\232\164\006\124\214\213\372\230\177\133\232\164\006\000\040\000\040\133\236\232\214\213\260\137\125}{}% 6
\BOOKMARK [2][-]{subsection.2.1}{\376\377\133\236\232\214\121\205\133\271\060\001\153\145\232\244\116\016\176\323\147\234}{section.2}% 7
\BOOKMARK [3][-]{subsubsection.2.1.1}{\376\377\155\113\221\317\137\000\215\357\165\065\123\213\377\014\167\355\215\357\165\065\155\101}{subsection.2.1}% 8
\BOOKMARK [3][-]{subsubsection.2.1.2}{\376\377\155\113\221\317\173\111\145\110\165\065\226\073}{subsection.2.1}% 9
\BOOKMARK [3][-]{subsubsection.2.1.3}{\376\377\232\214\213\301\142\064\176\364\123\127\133\232\164\006}{subsection.2.1}% 10
\BOOKMARK [3][-]{subsubsection.2.1.4}{\376\377\232\214\213\301\213\372\230\177\133\232\164\006}{subsection.2.1}% 11
\BOOKMARK [3][-]{subsubsection.2.1.5}{\376\377\155\113\221\317\133\236\232\214\133\244\121\375\145\160\117\341\123\367\123\321\165\037\126\150\166\204\142\064\176\364\123\127\173\111\145\110\121\205\226\073}{subsection.2.1}% 12
\BOOKMARK [2][-]{subsection.2.2}{\376\377\133\236\232\214\217\307\172\013\220\107\122\060\225\356\230\230\123\312\211\343\121\263\122\236\154\325}{section.2}% 13
\BOOKMARK [1][-]{section.3}{\376\377\000E\000T\0004\142\064\176\364\123\127\133\232\164\006\124\214\213\372\230\177\133\232\164\006\000\040\122\006\147\220\116\016\213\250\213\272}{}% 14
\BOOKMARK [2][-]{subsection.3.1}{\376\377\133\371\116\216\147\011\156\220\116\000\172\357\123\343\166\204\164\006\213\272\213\241\173\227}{section.3}% 15
\BOOKMARK [2][-]{subsection.3.2}{\376\377\155\113\221\317\137\000\215\357\165\065\123\213\060\001\167\355\215\357\165\065\155\101}{section.3}% 16
\BOOKMARK [3][-]{subsubsection.3.2.1}{\376\377\166\364\143\245\155\113\221\317\154\325\155\113\221\317}{subsection.3.2}% 17
\BOOKMARK [3][-]{subsubsection.3.2.2}{\376\377\225\364\143\245\155\113\221\317\154\325\377\010\165\065\215\357\126\376\377\011}{subsection.3.2}% 18
\BOOKMARK [2][-]{subsection.3.3}{\376\377\155\113\221\317\173\111\145\110\165\065\226\073}{section.3}% 19
\BOOKMARK [3][-]{subsubsection.3.3.1}{\376\377\137\000\215\357\165\065\123\213\060\001\167\355\215\357\165\065\155\101\154\325}{subsection.3.3}% 20
\BOOKMARK [3][-]{subsubsection.3.3.2}{\376\377\117\017\133\211\154\325}{subsection.3.3}% 21
\BOOKMARK [3][-]{subsubsection.3.3.3}{\376\377\123\112\155\101\154\325}{subsection.3.3}% 22
\BOOKMARK [3][-]{subsubsection.3.3.4}{\376\377\123\112\123\213\154\325}{subsection.3.3}% 23
\BOOKMARK [2][-]{subsection.3.4}{\376\377\232\214\213\301\142\064\176\364\123\127\133\232\164\006}{section.3}% 24
\BOOKMARK [2][-]{subsection.3.5}{\376\377\232\214\213\301\213\372\230\177\133\232\164\006}{section.3}% 25
\BOOKMARK [2][-]{subsection.3.6}{\376\377\155\113\221\317\133\236\232\214\133\244\121\375\145\160\117\341\123\367\123\321\165\037\126\150\166\204\142\064\176\364\123\127\173\111\145\110\121\205\226\073}{section.3}% 26
\BOOKMARK [2][-]{subsection.3.7}{\376\377\213\357\135\356\122\006\147\220\176\374\217\360}{section.3}% 27
\BOOKMARK [1][-]{section.4}{\376\377\000E\000T\0004\142\064\176\364\123\127\133\232\164\006\124\214\213\372\230\177\133\232\164\006\000\040\176\323\213\355}{}% 28
\BOOKMARK [2][-]{subsection.4.1}{\376\377\133\236\232\214\137\303\137\227\124\214\117\123\117\032\060\001\141\017\211\301\136\372\213\256\173\111}{section.4}% 29
\BOOKMARK [2][-]{subsection.4.2}{\376\377\226\104\116\366}{section.4}% 30
