\BOOKMARK [1][-]{section.1}{\376\377\000E\000T\0009\000\040\116\044\176\247\226\073\133\271\200\046\124\010\145\076\131\047\165\065\215\357\000\040\000\040\230\204\116\140\142\245\124\112}{}% 1
\BOOKMARK [2][-]{subsection.1.1}{\376\377\133\236\232\214\166\356\166\204}{section.1}% 2
\BOOKMARK [2][-]{subsection.1.2}{\376\377\116\352\126\150\165\050\121\167}{section.1}% 3
\BOOKMARK [2][-]{subsection.1.3}{\376\377\123\237\164\006\151\202\217\360}{section.1}% 4
\BOOKMARK [1][-]{section.2}{\376\377\000E\000T\0001\0000\000\040\215\037\123\315\231\210\145\076\131\047\165\065\215\357\000\040\000\040\230\204\116\140\142\245\124\112}{}% 5
\BOOKMARK [2][-]{subsection.2.1}{\376\377\133\236\232\214\166\356\166\204}{section.2}% 6
\BOOKMARK [2][-]{subsection.2.2}{\376\377\116\352\126\150\165\050\121\167}{section.2}% 7
\BOOKMARK [2][-]{subsection.2.3}{\376\377\123\237\164\006\151\202\217\360}{section.2}% 8
\BOOKMARK [1][-]{section.3}{\376\377\000E\000T\0009\116\044\176\247\226\073\133\271\200\046\124\010\145\076\131\047\165\065\215\357\000\040\000\040\133\236\232\214\213\260\137\125}{}% 9
\BOOKMARK [2][-]{subsection.3.1}{\376\377\214\003\145\164\227\131\140\001\135\345\117\134\160\271}{section.3}% 10
\BOOKMARK [2][-]{subsection.3.2}{\376\377\155\113\221\317\165\065\123\213\145\076\131\047\120\015\145\160}{section.3}% 11
\BOOKMARK [2][-]{subsection.3.3}{\376\377\165\050\220\020\160\271\155\113\221\317\154\325\155\113\213\325\145\076\131\047\126\150\136\105\230\221\162\171\140\047}{section.3}% 12
\BOOKMARK [1][-]{section.4}{\376\377\000E\000T\0001\0000\215\037\123\315\231\210\145\076\131\047\165\065\215\357\000\040\000\040\133\236\232\214\213\260\137\125}{}% 13
\BOOKMARK [2][-]{subsection.4.1}{\376\377\214\003\145\164\227\131\140\001\135\345\117\134\160\271}{section.4}% 14
\BOOKMARK [2][-]{subsection.4.2}{\376\377\211\302\133\337\215\037\123\315\231\210\133\371\145\076\131\047\120\015\145\160\166\204\137\161\124\315}{section.4}% 15
\BOOKMARK [2][-]{subsection.4.3}{\376\377\211\302\133\337\215\037\123\315\231\210\133\371\145\076\131\047\120\015\145\160\172\063\133\232\140\047\166\204\137\161\124\315}{section.4}% 16
\BOOKMARK [2][-]{subsection.4.4}{\376\377\136\105\230\221\162\171\140\047\155\113\221\317}{section.4}% 17
\BOOKMARK [2][-]{subsection.4.5}{\376\377\165\050\171\072\154\342\126\150\211\302\133\337\215\037\123\315\231\210\133\371\145\076\131\047\126\150\227\136\176\277\140\047\131\061\167\037\166\204\145\071\125\204}{section.4}% 18
\BOOKMARK [1][-]{section.5}{\376\377\000E\000T\0009\116\044\176\247\226\073\133\271\200\046\124\010\145\076\131\047\165\065\215\357\000\040\000\040\122\006\147\220\116\016\213\250\213\272}{}% 19
\BOOKMARK [2][-]{subsection.5.1}{\376\377\133\371\116\216\155\113\221\317\165\065\123\213\145\076\131\047\120\015\145\160\166\204\213\250\213\272}{section.5}% 20
\BOOKMARK [2][-]{subsection.5.2}{\376\377\000\040\165\050\220\020\160\271\155\113\221\317\154\325\155\113\213\325\145\076\131\047\126\150\136\105\230\221\162\171\140\047}{section.5}% 21
\BOOKMARK [2][-]{subsection.5.3}{\376\377\133\236\232\214\140\035\200\003\230\230}{section.5}% 22
\BOOKMARK [1][-]{section.6}{\376\377\000E\000T\0001\0000\215\037\123\315\231\210\145\076\131\047\165\065\215\357\000\040\000\040\122\006\147\220\116\016\213\250\213\272}{}% 23
\BOOKMARK [2][-]{subsection.6.1}{\376\377\133\236\232\214\145\160\143\156\176\330\126\376}{section.6}% 24
\BOOKMARK [2][-]{subsection.6.2}{\376\377\133\236\232\214\145\160\143\156\122\006\147\220}{section.6}% 25
\BOOKMARK [2][-]{subsection.6.3}{\376\377\133\236\232\214\140\035\200\003\230\230}{section.6}% 26
\BOOKMARK [1][-]{section.7}{\376\377\000\040\000E\000T\0009\060\001\000E\000T\0001\0000\000\040\116\044\176\247\226\073\133\271\200\046\124\010\145\076\131\047\165\065\215\357\060\001\215\037\123\315\231\210\145\076\131\047\165\065\215\357\000\040\000\040\176\323\213\355}{}% 27
\BOOKMARK [2][-]{subsection.7.1}{\376\377\133\236\232\214\137\303\137\227\124\214\117\123\117\032\060\001\141\017\211\301\136\372\213\256\173\111}{section.7}% 28
\BOOKMARK [2][-]{subsection.7.2}{\376\377\226\104\116\366}{section.7}% 29
