\BOOKMARK [1][-]{section.1}{\376\377\000E\000T\0001\0003\145\164\155\101\156\344\154\342\116\016\172\063\123\213\165\065\215\357\000\040\000\040\230\204\116\140\142\245\124\112}{}% 1
\BOOKMARK [2][-]{subsection.1.1}{\376\377\133\236\232\214\166\356\166\204}{section.1}% 2
\BOOKMARK [2][-]{subsection.1.2}{\376\377\116\352\126\150\165\050\121\167}{section.1}% 3
\BOOKMARK [2][-]{subsection.1.3}{\376\377\123\237\164\006\151\202\217\360}{section.1}% 4
\BOOKMARK [2][-]{subsection.1.4}{\376\377\133\236\232\214\230\204\116\140\230\230}{section.1}% 5
\BOOKMARK [1][-]{section.2}{\376\377\000E\000T\0001\0003\145\164\155\101\156\344\154\342\116\016\172\063\123\213\165\065\215\357\000\040\000\040\133\236\232\214\213\260\137\125}{}% 6
\BOOKMARK [2][-]{subsection.2.1}{\376\377\133\236\232\214\121\205\133\271\060\001\153\145\232\244\116\016\176\323\147\234}{section.2}% 7
\BOOKMARK [3][-]{subsubsection.2.1.1}{\376\377\211\302\133\337\133\236\232\214\123\237\131\313\217\223\121\372\154\342\137\142}{subsection.2.1}% 8
\BOOKMARK [3][-]{subsubsection.2.1.2}{\376\377\144\055\136\372\123\112\154\342\145\164\155\101\165\065\215\357\377\014\165\050\171\072\154\342\126\150\211\302\155\113\124\214\213\260\137\125\217\223\121\372\154\342\137\142}{subsection.2.1}% 9
\BOOKMARK [3][-]{subsubsection.2.1.3}{\376\377\144\055\136\372\121\150\154\342\145\164\155\101\165\065\215\357\377\014\165\050\171\072\154\342\126\150\211\302\155\113\124\214\213\260\137\125\217\223\121\372\154\342\137\142}{subsection.2.1}% 10
\BOOKMARK [3][-]{subsubsection.2.1.4}{\376\377\127\050\116\345\116\012\116\044\171\315\145\164\155\101\165\065\215\357\116\055\377\014\122\240\121\145\156\344\154\342\165\065\133\271\377\014\165\050\171\072\154\342\126\150\211\302\155\113\124\214\213\260\137\125\217\223\121\372\154\342\137\142\377\033\214\003\145\164\156\344\154\342\165\065\133\271\124\214\215\037\217\175\165\065\226\073\377\014\211\302\155\113\124\214\213\260\137\125\217\223\121\372\176\271\154\342\166\204\123\330\123\026\211\304\137\213}{subsection.2.1}% 11
\BOOKMARK [3][-]{subsubsection.2.1.5}{\376\377\127\050\150\145\137\017\145\164\155\101\156\344\154\342\165\065\215\357\116\055\377\014\144\055\136\372\172\063\123\213\173\241\136\166\200\124\172\063\123\213\165\065\215\357}{subsection.2.1}% 12
\BOOKMARK [3][-]{subsubsection.2.1.6}{\376\377\127\050\150\145\137\017\145\164\155\101\156\344\154\342\165\065\215\357\116\055\377\014\144\055\136\372\226\306\142\020\116\011\172\357\172\063\123\213\126\150\172\063\123\213\165\065\215\357}{subsection.2.1}% 13
\BOOKMARK [2][-]{subsection.2.2}{\376\377\133\236\232\214\217\307\172\013\220\107\122\060\225\356\230\230\123\312\211\343\121\263\122\236\154\325}{section.2}% 14
\BOOKMARK [1][-]{section.3}{\376\377\000E\000T\0001\0003\145\164\155\101\156\344\154\342\116\016\172\063\123\213\165\065\215\357\000\040\000\040\122\006\147\220\116\016\213\250\213\272}{}% 15
\BOOKMARK [2][-]{subsection.3.1}{\376\377\133\236\232\214\145\160\143\156\122\006\147\220}{section.3}% 16
\BOOKMARK [2][-]{subsection.3.2}{\376\377\133\236\232\214\124\016\140\035\200\003\230\230}{section.3}% 17
\BOOKMARK [1][-]{section.4}{\376\377\000E\000T\0001\0003\145\164\155\101\156\344\154\342\116\016\172\063\123\213\165\065\215\357\000\040\176\323\213\355}{}% 18
\BOOKMARK [2][-]{subsection.4.1}{\376\377\133\236\232\214\137\303\137\227\124\214\117\123\117\032\060\001\141\017\211\301\136\372\213\256\173\111}{section.4}% 19
\BOOKMARK [2][-]{subsection.4.2}{\376\377\226\104\116\366}{section.4}% 20
